build/app/outputs/mapping/release/mapping.txt
# compiler: R8
# compiler_version: 1.5.69
# min_api: 19
# pg_map_id: 92c69ed
...
com.google.android.datatransport.runtime.retries.RetryStrategy -> e.b.a.a.i.w.c:
    java.lang.Object shouldRetry(java.lang.Object,java.lang.Object) -> a
com.google.android.datatransport.runtime.scheduling.DefaultScheduler -> e.b.a.a.i.x.c:
    com.google.android.datatransport.runtime.synchronization.SynchronizationGuard guard -> e
    com.google.android.datatransport.runtime.scheduling.jobscheduling.WorkScheduler workScheduler -> a
    java.util.concurrent.Executor executor -> b
    com.google.android.datatransport.runtime.backends.BackendRegistry backendRegistry -> c
    java.util.logging.Logger LOGGER -> f
    com.google.android.datatransport.runtime.scheduling.persistence.EventStore eventStore -> d
    java.lang.Object lambda$schedule$0(com.google.android.datatransport.runtime.scheduling.DefaultScheduler,com.google.android.datatransport.runtime.TransportContext,com.google.android.datatransport.runtime.EventInternal) -> a
    void lambda$schedule$1(com.google.android.datatransport.runtime.scheduling.DefaultScheduler,com.google.android.datatransport.runtime.TransportContext,com.google.android.datatransport.TransportScheduleCallback,com.google.android.datatransport.runtime.EventInternal) -> a
    void schedule(com.google.android.datatransport.runtime.TransportContext,com.google.android.datatransport.runtime.EventInternal,com.google.android.datatransport.TransportScheduleCallback) -> a
com.google.android.datatransport.runtime.scheduling.DefaultScheduler$$Lambda$1 -> e.b.a.a.i.x.a:
    com.google.android.datatransport.TransportScheduleCallback arg$3 -> h
    com.google.android.datatransport.runtime.scheduling.DefaultScheduler arg$1 -> f
    com.google.android.datatransport.runtime.TransportContext arg$2 -> g
    com.google.android.datatransport.runtime.EventInternal arg$4 -> i
    java.lang.Runnable lambdaFactory$(com.google.android.datatransport.runtime.scheduling.DefaultScheduler,com.google.android.datatransport.runtime.TransportContext,com.google.android.datatransport.TransportScheduleCallback,com.google.android.datatransport.runtime.EventInternal) -> a
com.google.android.datatransport.runtime.scheduling.DefaultScheduler$$Lambda$2 -> e.b.a.a.i.x.b:
    com.google.android.datatransport.runtime.TransportContext arg$2 -> b
    com.google.android.datatransport.runtime.EventInternal arg$3 -> c
    com.google.android.datatransport.runtime.scheduling.DefaultScheduler arg$1 -> a
    java.lang.Object execute() -> a
    com.google.android.datatransport.runtime.synchronization.SynchronizationGuard$CriticalSection lambdaFactory$(com.google.android.datatransport.runtime.scheduling.DefaultScheduler,com.google.android.datatransport.runtime.TransportContext,com.google.android.datatransport.runtime.EventInternal) -> a
com.google.android.datatransport.runtime.scheduling.DefaultScheduler_Factory -> e.b.a.a.i.x.d:
    javax.inject.Provider eventStoreProvider -> d
    javax.inject.Provider workSchedulerProvider -> c
    javax.inject.Provider guardProvider -> e
    javax.inject.Provider backendRegistryProvider -> b
    javax.inject.Provider executorProvider -> a
    com.google.android.datatransport.runtime.scheduling.DefaultScheduler_Factory create(javax.inject.Provider,javax.inject.Provider,javax.inject.Provider,javax.inject.Provider,javax.inject.Provider) -> a
    com.google.android.datatransport.runtime.scheduling.DefaultScheduler newInstance(java.util.concurrent.Executor,com.google.android.datatransport.runtime.backends.BackendRegistry,com.google.android.datatransport.runtime.scheduling.jobscheduling.WorkScheduler,com.google.android.datatransport.runtime.scheduling.persistence.EventStore,com.google.android.datatransport.runtime.synchronization.SynchronizationGuard) -> a
com.google.android.datatransport.runtime.scheduling.Scheduler -> e.b.a.a.i.x.e:
    void schedule(com.google.android.datatransport.runtime.TransportContext,com.google.android.datatransport.runtime.EventInternal,com.google.android.datatransport.TransportScheduleCallback) -> a